[2025-04-26 04:15:32] production.ERROR: file_get_contents(/home/metronic/8/v8.2.9/laravel/starterkit/.env): Failed to open stream: No such file or directory {"exception":"[object] (ErrorException(code: 0): file_get_contents(/home/metronic/8/v8.2.9/laravel/starterkit/.env): Failed to open stream: No such file or directory at /home/metronic/8/v8.2.9/laravel/starterkit/vendor/laravel/framework/src/Illuminate/Foundation/Console/KeyGenerateCommand.php:100)
[stacktrace]
#0 /home/metronic/8/v8.2.9/laravel/starterkit/vendor/laravel/framework/src/Illuminate/Foundation/Bootstrap/HandleExceptions.php(256): Illuminate\\Foundation\\Bootstrap\\HandleExceptions->handleError()
#1 [internal function]: Illuminate\\Foundation\\Bootstrap\\HandleExceptions->Illuminate\\Foundation\\Bootstrap\\{closure}()
#2 /home/metronic/8/v8.2.9/laravel/starterkit/vendor/laravel/framework/src/Illuminate/Foundation/Console/KeyGenerateCommand.php(100): file_get_contents()
#3 /home/metronic/8/v8.2.9/laravel/starterkit/vendor/laravel/framework/src/Illuminate/Foundation/Console/KeyGenerateCommand.php(82): Illuminate\\Foundation\\Console\\KeyGenerateCommand->writeNewEnvironmentFileWith()
#4 /home/metronic/8/v8.2.9/laravel/starterkit/vendor/laravel/framework/src/Illuminate/Foundation/Console/KeyGenerateCommand.php(47): Illuminate\\Foundation\\Console\\KeyGenerateCommand->setKeyInEnvironmentFile()
#5 /home/metronic/8/v8.2.9/laravel/starterkit/vendor/laravel/framework/src/Illuminate/Container/BoundMethod.php(36): Illuminate\\Foundation\\Console\\KeyGenerateCommand->handle()
#6 /home/metronic/8/v8.2.9/laravel/starterkit/vendor/laravel/framework/src/Illuminate/Container/Util.php(43): Illuminate\\Container\\BoundMethod::Illuminate\\Container\\{closure}()
#7 /home/metronic/8/v8.2.9/laravel/starterkit/vendor/laravel/framework/src/Illuminate/Container/BoundMethod.php(95): Illuminate\\Container\\Util::unwrapIfClosure()
#8 /home/metronic/8/v8.2.9/laravel/starterkit/vendor/laravel/framework/src/Illuminate/Container/BoundMethod.php(35): Illuminate\\Container\\BoundMethod::callBoundMethod()
#9 /home/metronic/8/v8.2.9/laravel/starterkit/vendor/laravel/framework/src/Illuminate/Container/Container.php(696): Illuminate\\Container\\BoundMethod::call()
#10 /home/metronic/8/v8.2.9/laravel/starterkit/vendor/laravel/framework/src/Illuminate/Console/Command.php(213): Illuminate\\Container\\Container->call()
#11 /home/metronic/8/v8.2.9/laravel/starterkit/vendor/symfony/console/Command/Command.php(279): Illuminate\\Console\\Command->execute()
#12 /home/metronic/8/v8.2.9/laravel/starterkit/vendor/laravel/framework/src/Illuminate/Console/Command.php(182): Symfony\\Component\\Console\\Command\\Command->run()
#13 /home/metronic/8/v8.2.9/laravel/starterkit/vendor/symfony/console/Application.php(1094): Illuminate\\Console\\Command->run()
#14 /home/metronic/8/v8.2.9/laravel/starterkit/vendor/symfony/console/Application.php(342): Symfony\\Component\\Console\\Application->doRunCommand()
#15 /home/metronic/8/v8.2.9/laravel/starterkit/vendor/symfony/console/Application.php(193): Symfony\\Component\\Console\\Application->doRun()
#16 /home/metronic/8/v8.2.9/laravel/starterkit/vendor/laravel/framework/src/Illuminate/Foundation/Console/Kernel.php(198): Symfony\\Component\\Console\\Application->run()
#17 /home/metronic/8/v8.2.9/laravel/starterkit/artisan(35): Illuminate\\Foundation\\Console\\Kernel->handle()
#18 {main}
"} 
[2025-04-26 04:15:39] production.ERROR: SQLSTATE[HY000] [2002] Connection refused (Connection: mysql, SQL: select exists (select 1 from information_schema.tables where table_schema = 'forge' and table_name = 'migrations' and table_type in ('BASE TABLE', 'SYSTEM VERSIONED')) as `exists`) {"exception":"[object] (Illuminate\\Database\\QueryException(code: 2002): SQLSTATE[HY000] [2002] Connection refused (Connection: mysql, SQL: select exists (select 1 from information_schema.tables where table_schema = 'forge' and table_name = 'migrations' and table_type in ('BASE TABLE', 'SYSTEM VERSIONED')) as `exists`) at /home/metronic/8/v8.2.9/laravel/starterkit/vendor/laravel/framework/src/Illuminate/Database/Connection.php:825)
[stacktrace]
#0 /home/metronic/8/v8.2.9/laravel/starterkit/vendor/laravel/framework/src/Illuminate/Database/Connection.php(979): Illuminate\\Database\\Connection->runQueryCallback()
#1 /home/metronic/8/v8.2.9/laravel/starterkit/vendor/laravel/framework/src/Illuminate/Database/Connection.php(958): Illuminate\\Database\\Connection->tryAgainIfCausedByLostConnection()
#2 /home/metronic/8/v8.2.9/laravel/starterkit/vendor/laravel/framework/src/Illuminate/Database/Connection.php(781): Illuminate\\Database\\Connection->handleQueryException()
#3 /home/metronic/8/v8.2.9/laravel/starterkit/vendor/laravel/framework/src/Illuminate/Database/Connection.php(398): Illuminate\\Database\\Connection->run()
#4 /home/metronic/8/v8.2.9/laravel/starterkit/vendor/laravel/framework/src/Illuminate/Database/Connection.php(344): Illuminate\\Database\\Connection->select()
#5 /home/metronic/8/v8.2.9/laravel/starterkit/vendor/laravel/framework/src/Illuminate/Database/Connection.php(361): Illuminate\\Database\\Connection->selectOne()
#6 /home/metronic/8/v8.2.9/laravel/starterkit/vendor/laravel/framework/src/Illuminate/Database/Schema/MySqlBuilder.php(45): Illuminate\\Database\\Connection->scalar()
#7 /home/metronic/8/v8.2.9/laravel/starterkit/vendor/laravel/framework/src/Illuminate/Database/Migrations/DatabaseMigrationRepository.php(184): Illuminate\\Database\\Schema\\MySqlBuilder->hasTable()
#8 /home/metronic/8/v8.2.9/laravel/starterkit/vendor/laravel/framework/src/Illuminate/Database/Migrations/Migrator.php(742): Illuminate\\Database\\Migrations\\DatabaseMigrationRepository->repositoryExists()
#9 /home/metronic/8/v8.2.9/laravel/starterkit/vendor/laravel/framework/src/Illuminate/Database/Console/Migrations/FreshCommand.php(68): Illuminate\\Database\\Migrations\\Migrator->repositoryExists()
#10 /home/metronic/8/v8.2.9/laravel/starterkit/vendor/laravel/framework/src/Illuminate/Database/Migrations/Migrator.php(658): Illuminate\\Database\\Console\\Migrations\\FreshCommand->Illuminate\\Database\\Console\\Migrations\\{closure}()
#11 /home/metronic/8/v8.2.9/laravel/starterkit/vendor/laravel/framework/src/Illuminate/Database/Console/Migrations/FreshCommand.php(67): Illuminate\\Database\\Migrations\\Migrator->usingConnection()
#12 /home/metronic/8/v8.2.9/laravel/starterkit/vendor/laravel/framework/src/Illuminate/Container/BoundMethod.php(36): Illuminate\\Database\\Console\\Migrations\\FreshCommand->handle()
#13 /home/metronic/8/v8.2.9/laravel/starterkit/vendor/laravel/framework/src/Illuminate/Container/Util.php(43): Illuminate\\Container\\BoundMethod::Illuminate\\Container\\{closure}()
#14 /home/metronic/8/v8.2.9/laravel/starterkit/vendor/laravel/framework/src/Illuminate/Container/BoundMethod.php(95): Illuminate\\Container\\Util::unwrapIfClosure()
#15 /home/metronic/8/v8.2.9/laravel/starterkit/vendor/laravel/framework/src/Illuminate/Container/BoundMethod.php(35): Illuminate\\Container\\BoundMethod::callBoundMethod()
#16 /home/metronic/8/v8.2.9/laravel/starterkit/vendor/laravel/framework/src/Illuminate/Container/Container.php(696): Illuminate\\Container\\BoundMethod::call()
#17 /home/metronic/8/v8.2.9/laravel/starterkit/vendor/laravel/framework/src/Illuminate/Console/Command.php(213): Illuminate\\Container\\Container->call()
#18 /home/metronic/8/v8.2.9/laravel/starterkit/vendor/symfony/console/Command/Command.php(279): Illuminate\\Console\\Command->execute()
#19 /home/metronic/8/v8.2.9/laravel/starterkit/vendor/laravel/framework/src/Illuminate/Console/Command.php(182): Symfony\\Component\\Console\\Command\\Command->run()
#20 /home/metronic/8/v8.2.9/laravel/starterkit/vendor/symfony/console/Application.php(1094): Illuminate\\Console\\Command->run()
#21 /home/metronic/8/v8.2.9/laravel/starterkit/vendor/symfony/console/Application.php(342): Symfony\\Component\\Console\\Application->doRunCommand()
#22 /home/metronic/8/v8.2.9/laravel/starterkit/vendor/symfony/console/Application.php(193): Symfony\\Component\\Console\\Application->doRun()
#23 /home/metronic/8/v8.2.9/laravel/starterkit/vendor/laravel/framework/src/Illuminate/Foundation/Console/Kernel.php(198): Symfony\\Component\\Console\\Application->run()
#24 /home/metronic/8/v8.2.9/laravel/starterkit/artisan(35): Illuminate\\Foundation\\Console\\Kernel->handle()
#25 {main}

[previous exception] [object] (PDOException(code: 2002): SQLSTATE[HY000] [2002] Connection refused at /home/metronic/8/v8.2.9/laravel/starterkit/vendor/laravel/framework/src/Illuminate/Database/Connectors/Connector.php:66)
[stacktrace]
#0 /home/metronic/8/v8.2.9/laravel/starterkit/vendor/laravel/framework/src/Illuminate/Database/Connectors/Connector.php(66): PDO->__construct()
#1 /home/metronic/8/v8.2.9/laravel/starterkit/vendor/laravel/framework/src/Illuminate/Database/Connectors/Connector.php(85): Illuminate\\Database\\Connectors\\Connector->createPdoConnection()
#2 /home/metronic/8/v8.2.9/laravel/starterkit/vendor/laravel/framework/src/Illuminate/Database/Connectors/Connector.php(48): Illuminate\\Database\\Connectors\\Connector->tryAgainIfCausedByLostConnection()
#3 /home/metronic/8/v8.2.9/laravel/starterkit/vendor/laravel/framework/src/Illuminate/Database/Connectors/MySqlConnector.php(24): Illuminate\\Database\\Connectors\\Connector->createConnection()
#4 /home/metronic/8/v8.2.9/laravel/starterkit/vendor/laravel/framework/src/Illuminate/Database/Connectors/ConnectionFactory.php(185): Illuminate\\Database\\Connectors\\MySqlConnector->connect()
#5 [internal function]: Illuminate\\Database\\Connectors\\ConnectionFactory->Illuminate\\Database\\Connectors\\{closure}()
#6 /home/metronic/8/v8.2.9/laravel/starterkit/vendor/laravel/framework/src/Illuminate/Database/Connection.php(1231): call_user_func()
#7 /home/metronic/8/v8.2.9/laravel/starterkit/vendor/laravel/framework/src/Illuminate/Database/Connection.php(1267): Illuminate\\Database\\Connection->getPdo()
#8 /home/metronic/8/v8.2.9/laravel/starterkit/vendor/laravel/framework/src/Illuminate/Database/Connection.php(512): Illuminate\\Database\\Connection->getReadPdo()
#9 /home/metronic/8/v8.2.9/laravel/starterkit/vendor/laravel/framework/src/Illuminate/Database/Connection.php(407): Illuminate\\Database\\Connection->getPdoForSelect()
#10 /home/metronic/8/v8.2.9/laravel/starterkit/vendor/laravel/framework/src/Illuminate/Database/Connection.php(812): Illuminate\\Database\\Connection->Illuminate\\Database\\{closure}()
#11 /home/metronic/8/v8.2.9/laravel/starterkit/vendor/laravel/framework/src/Illuminate/Database/Connection.php(979): Illuminate\\Database\\Connection->runQueryCallback()
#12 /home/metronic/8/v8.2.9/laravel/starterkit/vendor/laravel/framework/src/Illuminate/Database/Connection.php(958): Illuminate\\Database\\Connection->tryAgainIfCausedByLostConnection()
#13 /home/metronic/8/v8.2.9/laravel/starterkit/vendor/laravel/framework/src/Illuminate/Database/Connection.php(781): Illuminate\\Database\\Connection->handleQueryException()
#14 /home/metronic/8/v8.2.9/laravel/starterkit/vendor/laravel/framework/src/Illuminate/Database/Connection.php(398): Illuminate\\Database\\Connection->run()
#15 /home/metronic/8/v8.2.9/laravel/starterkit/vendor/laravel/framework/src/Illuminate/Database/Connection.php(344): Illuminate\\Database\\Connection->select()
#16 /home/metronic/8/v8.2.9/laravel/starterkit/vendor/laravel/framework/src/Illuminate/Database/Connection.php(361): Illuminate\\Database\\Connection->selectOne()
#17 /home/metronic/8/v8.2.9/laravel/starterkit/vendor/laravel/framework/src/Illuminate/Database/Schema/MySqlBuilder.php(45): Illuminate\\Database\\Connection->scalar()
#18 /home/metronic/8/v8.2.9/laravel/starterkit/vendor/laravel/framework/src/Illuminate/Database/Migrations/DatabaseMigrationRepository.php(184): Illuminate\\Database\\Schema\\MySqlBuilder->hasTable()
#19 /home/metronic/8/v8.2.9/laravel/starterkit/vendor/laravel/framework/src/Illuminate/Database/Migrations/Migrator.php(742): Illuminate\\Database\\Migrations\\DatabaseMigrationRepository->repositoryExists()
#20 /home/metronic/8/v8.2.9/laravel/starterkit/vendor/laravel/framework/src/Illuminate/Database/Console/Migrations/FreshCommand.php(68): Illuminate\\Database\\Migrations\\Migrator->repositoryExists()
#21 /home/metronic/8/v8.2.9/laravel/starterkit/vendor/laravel/framework/src/Illuminate/Database/Migrations/Migrator.php(658): Illuminate\\Database\\Console\\Migrations\\FreshCommand->Illuminate\\Database\\Console\\Migrations\\{closure}()
#22 /home/metronic/8/v8.2.9/laravel/starterkit/vendor/laravel/framework/src/Illuminate/Database/Console/Migrations/FreshCommand.php(67): Illuminate\\Database\\Migrations\\Migrator->usingConnection()
#23 /home/metronic/8/v8.2.9/laravel/starterkit/vendor/laravel/framework/src/Illuminate/Container/BoundMethod.php(36): Illuminate\\Database\\Console\\Migrations\\FreshCommand->handle()
#24 /home/metronic/8/v8.2.9/laravel/starterkit/vendor/laravel/framework/src/Illuminate/Container/Util.php(43): Illuminate\\Container\\BoundMethod::Illuminate\\Container\\{closure}()
#25 /home/metronic/8/v8.2.9/laravel/starterkit/vendor/laravel/framework/src/Illuminate/Container/BoundMethod.php(95): Illuminate\\Container\\Util::unwrapIfClosure()
#26 /home/metronic/8/v8.2.9/laravel/starterkit/vendor/laravel/framework/src/Illuminate/Container/BoundMethod.php(35): Illuminate\\Container\\BoundMethod::callBoundMethod()
#27 /home/metronic/8/v8.2.9/laravel/starterkit/vendor/laravel/framework/src/Illuminate/Container/Container.php(696): Illuminate\\Container\\BoundMethod::call()
#28 /home/metronic/8/v8.2.9/laravel/starterkit/vendor/laravel/framework/src/Illuminate/Console/Command.php(213): Illuminate\\Container\\Container->call()
#29 /home/metronic/8/v8.2.9/laravel/starterkit/vendor/symfony/console/Command/Command.php(279): Illuminate\\Console\\Command->execute()
#30 /home/metronic/8/v8.2.9/laravel/starterkit/vendor/laravel/framework/src/Illuminate/Console/Command.php(182): Symfony\\Component\\Console\\Command\\Command->run()
#31 /home/metronic/8/v8.2.9/laravel/starterkit/vendor/symfony/console/Application.php(1094): Illuminate\\Console\\Command->run()
#32 /home/metronic/8/v8.2.9/laravel/starterkit/vendor/symfony/console/Application.php(342): Symfony\\Component\\Console\\Application->doRunCommand()
#33 /home/metronic/8/v8.2.9/laravel/starterkit/vendor/symfony/console/Application.php(193): Symfony\\Component\\Console\\Application->doRun()
#34 /home/metronic/8/v8.2.9/laravel/starterkit/vendor/laravel/framework/src/Illuminate/Foundation/Console/Kernel.php(198): Symfony\\Component\\Console\\Application->run()
#35 /home/metronic/8/v8.2.9/laravel/starterkit/artisan(35): Illuminate\\Foundation\\Console\\Kernel->handle()
#36 {main}
"} 
[2025-04-26 04:17:42] local.ERROR: SQLSTATE[HY000] [1698] Access denied for user 'root'@'localhost' (Connection: mysql, SQL: select exists (select 1 from information_schema.tables where table_schema = 'metronic' and table_name = 'migrations' and table_type in ('BASE TABLE', 'SYSTEM VERSIONED')) as `exists`) {"exception":"[object] (Illuminate\\Database\\QueryException(code: 1698): SQLSTATE[HY000] [1698] Access denied for user 'root'@'localhost' (Connection: mysql, SQL: select exists (select 1 from information_schema.tables where table_schema = 'metronic' and table_name = 'migrations' and table_type in ('BASE TABLE', 'SYSTEM VERSIONED')) as `exists`) at /home/metronic/8/v8.2.9/laravel/starterkit/vendor/laravel/framework/src/Illuminate/Database/Connection.php:825)
[stacktrace]
#0 /home/metronic/8/v8.2.9/laravel/starterkit/vendor/laravel/framework/src/Illuminate/Database/Connection.php(779): Illuminate\\Database\\Connection->runQueryCallback()
#1 /home/metronic/8/v8.2.9/laravel/starterkit/vendor/laravel/framework/src/Illuminate/Database/Connection.php(398): Illuminate\\Database\\Connection->run()
#2 /home/metronic/8/v8.2.9/laravel/starterkit/vendor/laravel/framework/src/Illuminate/Database/Connection.php(344): Illuminate\\Database\\Connection->select()
#3 /home/metronic/8/v8.2.9/laravel/starterkit/vendor/laravel/framework/src/Illuminate/Database/Connection.php(361): Illuminate\\Database\\Connection->selectOne()
#4 /home/metronic/8/v8.2.9/laravel/starterkit/vendor/laravel/framework/src/Illuminate/Database/Schema/MySqlBuilder.php(45): Illuminate\\Database\\Connection->scalar()
#5 /home/metronic/8/v8.2.9/laravel/starterkit/vendor/laravel/framework/src/Illuminate/Database/Migrations/DatabaseMigrationRepository.php(184): Illuminate\\Database\\Schema\\MySqlBuilder->hasTable()
#6 /home/metronic/8/v8.2.9/laravel/starterkit/vendor/laravel/framework/src/Illuminate/Database/Migrations/Migrator.php(742): Illuminate\\Database\\Migrations\\DatabaseMigrationRepository->repositoryExists()
#7 /home/metronic/8/v8.2.9/laravel/starterkit/vendor/laravel/framework/src/Illuminate/Database/Console/Migrations/FreshCommand.php(68): Illuminate\\Database\\Migrations\\Migrator->repositoryExists()
#8 /home/metronic/8/v8.2.9/laravel/starterkit/vendor/laravel/framework/src/Illuminate/Database/Migrations/Migrator.php(658): Illuminate\\Database\\Console\\Migrations\\FreshCommand->Illuminate\\Database\\Console\\Migrations\\{closure}()
#9 /home/metronic/8/v8.2.9/laravel/starterkit/vendor/laravel/framework/src/Illuminate/Database/Console/Migrations/FreshCommand.php(67): Illuminate\\Database\\Migrations\\Migrator->usingConnection()
#10 /home/metronic/8/v8.2.9/laravel/starterkit/vendor/laravel/framework/src/Illuminate/Container/BoundMethod.php(36): Illuminate\\Database\\Console\\Migrations\\FreshCommand->handle()
#11 /home/metronic/8/v8.2.9/laravel/starterkit/vendor/laravel/framework/src/Illuminate/Container/Util.php(43): Illuminate\\Container\\BoundMethod::Illuminate\\Container\\{closure}()
#12 /home/metronic/8/v8.2.9/laravel/starterkit/vendor/laravel/framework/src/Illuminate/Container/BoundMethod.php(95): Illuminate\\Container\\Util::unwrapIfClosure()
#13 /home/metronic/8/v8.2.9/laravel/starterkit/vendor/laravel/framework/src/Illuminate/Container/BoundMethod.php(35): Illuminate\\Container\\BoundMethod::callBoundMethod()
#14 /home/metronic/8/v8.2.9/laravel/starterkit/vendor/laravel/framework/src/Illuminate/Container/Container.php(696): Illuminate\\Container\\BoundMethod::call()
#15 /home/metronic/8/v8.2.9/laravel/starterkit/vendor/laravel/framework/src/Illuminate/Console/Command.php(213): Illuminate\\Container\\Container->call()
#16 /home/metronic/8/v8.2.9/laravel/starterkit/vendor/symfony/console/Command/Command.php(279): Illuminate\\Console\\Command->execute()
#17 /home/metronic/8/v8.2.9/laravel/starterkit/vendor/laravel/framework/src/Illuminate/Console/Command.php(182): Symfony\\Component\\Console\\Command\\Command->run()
#18 /home/metronic/8/v8.2.9/laravel/starterkit/vendor/symfony/console/Application.php(1094): Illuminate\\Console\\Command->run()
#19 /home/metronic/8/v8.2.9/laravel/starterkit/vendor/symfony/console/Application.php(342): Symfony\\Component\\Console\\Application->doRunCommand()
#20 /home/metronic/8/v8.2.9/laravel/starterkit/vendor/symfony/console/Application.php(193): Symfony\\Component\\Console\\Application->doRun()
#21 /home/metronic/8/v8.2.9/laravel/starterkit/vendor/laravel/framework/src/Illuminate/Foundation/Console/Kernel.php(198): Symfony\\Component\\Console\\Application->run()
#22 /home/metronic/8/v8.2.9/laravel/starterkit/artisan(35): Illuminate\\Foundation\\Console\\Kernel->handle()
#23 {main}

[previous exception] [object] (PDOException(code: 1698): SQLSTATE[HY000] [1698] Access denied for user 'root'@'localhost' at /home/metronic/8/v8.2.9/laravel/starterkit/vendor/laravel/framework/src/Illuminate/Database/Connectors/Connector.php:66)
[stacktrace]
#0 /home/metronic/8/v8.2.9/laravel/starterkit/vendor/laravel/framework/src/Illuminate/Database/Connectors/Connector.php(66): PDO->__construct()
#1 /home/metronic/8/v8.2.9/laravel/starterkit/vendor/laravel/framework/src/Illuminate/Database/Connectors/Connector.php(44): Illuminate\\Database\\Connectors\\Connector->createPdoConnection()
#2 /home/metronic/8/v8.2.9/laravel/starterkit/vendor/laravel/framework/src/Illuminate/Database/Connectors/MySqlConnector.php(24): Illuminate\\Database\\Connectors\\Connector->createConnection()
#3 /home/metronic/8/v8.2.9/laravel/starterkit/vendor/laravel/framework/src/Illuminate/Database/Connectors/ConnectionFactory.php(185): Illuminate\\Database\\Connectors\\MySqlConnector->connect()
#4 [internal function]: Illuminate\\Database\\Connectors\\ConnectionFactory->Illuminate\\Database\\Connectors\\{closure}()
#5 /home/metronic/8/v8.2.9/laravel/starterkit/vendor/laravel/framework/src/Illuminate/Database/Connection.php(1231): call_user_func()
#6 /home/metronic/8/v8.2.9/laravel/starterkit/vendor/laravel/framework/src/Illuminate/Database/Connection.php(1267): Illuminate\\Database\\Connection->getPdo()
#7 /home/metronic/8/v8.2.9/laravel/starterkit/vendor/laravel/framework/src/Illuminate/Database/Connection.php(512): Illuminate\\Database\\Connection->getReadPdo()
#8 /home/metronic/8/v8.2.9/laravel/starterkit/vendor/laravel/framework/src/Illuminate/Database/Connection.php(407): Illuminate\\Database\\Connection->getPdoForSelect()
#9 /home/metronic/8/v8.2.9/laravel/starterkit/vendor/laravel/framework/src/Illuminate/Database/Connection.php(812): Illuminate\\Database\\Connection->Illuminate\\Database\\{closure}()
#10 /home/metronic/8/v8.2.9/laravel/starterkit/vendor/laravel/framework/src/Illuminate/Database/Connection.php(779): Illuminate\\Database\\Connection->runQueryCallback()
#11 /home/metronic/8/v8.2.9/laravel/starterkit/vendor/laravel/framework/src/Illuminate/Database/Connection.php(398): Illuminate\\Database\\Connection->run()
#12 /home/metronic/8/v8.2.9/laravel/starterkit/vendor/laravel/framework/src/Illuminate/Database/Connection.php(344): Illuminate\\Database\\Connection->select()
#13 /home/metronic/8/v8.2.9/laravel/starterkit/vendor/laravel/framework/src/Illuminate/Database/Connection.php(361): Illuminate\\Database\\Connection->selectOne()
#14 /home/metronic/8/v8.2.9/laravel/starterkit/vendor/laravel/framework/src/Illuminate/Database/Schema/MySqlBuilder.php(45): Illuminate\\Database\\Connection->scalar()
#15 /home/metronic/8/v8.2.9/laravel/starterkit/vendor/laravel/framework/src/Illuminate/Database/Migrations/DatabaseMigrationRepository.php(184): Illuminate\\Database\\Schema\\MySqlBuilder->hasTable()
#16 /home/metronic/8/v8.2.9/laravel/starterkit/vendor/laravel/framework/src/Illuminate/Database/Migrations/Migrator.php(742): Illuminate\\Database\\Migrations\\DatabaseMigrationRepository->repositoryExists()
#17 /home/metronic/8/v8.2.9/laravel/starterkit/vendor/laravel/framework/src/Illuminate/Database/Console/Migrations/FreshCommand.php(68): Illuminate\\Database\\Migrations\\Migrator->repositoryExists()
#18 /home/metronic/8/v8.2.9/laravel/starterkit/vendor/laravel/framework/src/Illuminate/Database/Migrations/Migrator.php(658): Illuminate\\Database\\Console\\Migrations\\FreshCommand->Illuminate\\Database\\Console\\Migrations\\{closure}()
#19 /home/metronic/8/v8.2.9/laravel/starterkit/vendor/laravel/framework/src/Illuminate/Database/Console/Migrations/FreshCommand.php(67): Illuminate\\Database\\Migrations\\Migrator->usingConnection()
#20 /home/metronic/8/v8.2.9/laravel/starterkit/vendor/laravel/framework/src/Illuminate/Container/BoundMethod.php(36): Illuminate\\Database\\Console\\Migrations\\FreshCommand->handle()
#21 /home/metronic/8/v8.2.9/laravel/starterkit/vendor/laravel/framework/src/Illuminate/Container/Util.php(43): Illuminate\\Container\\BoundMethod::Illuminate\\Container\\{closure}()
#22 /home/metronic/8/v8.2.9/laravel/starterkit/vendor/laravel/framework/src/Illuminate/Container/BoundMethod.php(95): Illuminate\\Container\\Util::unwrapIfClosure()
#23 /home/metronic/8/v8.2.9/laravel/starterkit/vendor/laravel/framework/src/Illuminate/Container/BoundMethod.php(35): Illuminate\\Container\\BoundMethod::callBoundMethod()
#24 /home/metronic/8/v8.2.9/laravel/starterkit/vendor/laravel/framework/src/Illuminate/Container/Container.php(696): Illuminate\\Container\\BoundMethod::call()
#25 /home/metronic/8/v8.2.9/laravel/starterkit/vendor/laravel/framework/src/Illuminate/Console/Command.php(213): Illuminate\\Container\\Container->call()
#26 /home/metronic/8/v8.2.9/laravel/starterkit/vendor/symfony/console/Command/Command.php(279): Illuminate\\Console\\Command->execute()
#27 /home/metronic/8/v8.2.9/laravel/starterkit/vendor/laravel/framework/src/Illuminate/Console/Command.php(182): Symfony\\Component\\Console\\Command\\Command->run()
#28 /home/metronic/8/v8.2.9/laravel/starterkit/vendor/symfony/console/Application.php(1094): Illuminate\\Console\\Command->run()
#29 /home/metronic/8/v8.2.9/laravel/starterkit/vendor/symfony/console/Application.php(342): Symfony\\Component\\Console\\Application->doRunCommand()
#30 /home/metronic/8/v8.2.9/laravel/starterkit/vendor/symfony/console/Application.php(193): Symfony\\Component\\Console\\Application->doRun()
#31 /home/metronic/8/v8.2.9/laravel/starterkit/vendor/laravel/framework/src/Illuminate/Foundation/Console/Kernel.php(198): Symfony\\Component\\Console\\Application->run()
#32 /home/metronic/8/v8.2.9/laravel/starterkit/artisan(35): Illuminate\\Foundation\\Console\\Kernel->handle()
#33 {main}
"} 
